2026-01-04T12:05:13.959148 | Vedhasree | DETECT | Visit Data  | CSV_FORMAT_IN_EXCEL
2026-01-04T12:05:13.979529 | Vedhasree | DETECT | Lab Results | CSV_FORMAT_IN_EXCEL
2026-01-04T12:05:13.992983 | Vedhasree | DETECT | Icd_reference | CSV_FORMAT_IN_EXCEL
2026-01-04T12:05:13.998212 | Vedhasree | INGEST | ALL | Data loaded successfully
2026-01-04T12:05:14.022205 | Vedhasree | VALIDATION | patients | NULL_VIOLATION | 2 | ERROR
2026-01-04T12:05:14.028147 | Vedhasree | VALIDATION | patients | DUPLICATE_RECORD | 0 | ERROR
2026-01-04T12:05:14.032755 | Vedhasree | VALIDATION | patients | DOB_IN_FUTURE | 0 | ERROR
2026-01-04T12:05:14.035144 | Vedhasree | VALIDATION | visits | NULL_VIOLATION | 6 | ERROR
2026-01-04T12:05:14.037451 | Vedhasree | VALIDATION | visits | DUPLICATE_RECORD | 0 | ERROR
2026-01-04T12:05:14.057697 | Vedhasree | VALIDATION | visits | VISIT_BEFORE_DOB | 0 | ERROR
2026-01-04T12:05:14.060899 | Vedhasree | VALIDATION | labs | NULL_VIOLATION | 1 | ERROR
2026-01-04T12:05:14.065182 | Vedhasree | VALIDATION | labs | DUPLICATE_RECORD | 2 | ERROR
2026-01-04T12:05:14.070499 | Vedhasree | VALIDATION | labs | ORPHAN_VISIT_ID | 3 | ERROR
2026-01-04T12:08:18.814285 | Vedhasree | DETECT | Visit Data  | CSV_FORMAT_IN_EXCEL
2026-01-04T12:08:18.824267 | Vedhasree | DETECT | Lab Results | CSV_FORMAT_IN_EXCEL
2026-01-04T12:08:18.833830 | Vedhasree | DETECT | Icd_reference | CSV_FORMAT_IN_EXCEL
2026-01-04T12:08:18.835999 | Vedhasree | INGEST | ALL | Data loaded successfully
2026-01-04T12:08:18.845474 | Vedhasree | VALIDATION | patients | NULL_VIOLATION | 2 | ERROR
2026-01-04T12:08:18.849436 | Vedhasree | VALIDATION | patients | DUPLICATE_RECORD | 0 | ERROR
2026-01-04T12:08:18.851668 | Vedhasree | VALIDATION | patients | DOB_IN_FUTURE | 0 | ERROR
2026-01-04T12:08:18.853832 | Vedhasree | VALIDATION | visits | NULL_VIOLATION | 6 | ERROR
2026-01-04T12:08:18.856760 | Vedhasree | VALIDATION | visits | DUPLICATE_RECORD | 0 | ERROR
2026-01-04T12:08:18.861187 | Vedhasree | VALIDATION | visits | VISIT_BEFORE_DOB | 0 | ERROR
2026-01-04T12:08:18.863745 | Vedhasree | VALIDATION | labs | NULL_VIOLATION | 1 | ERROR
2026-01-04T12:08:18.866304 | Vedhasree | VALIDATION | labs | DUPLICATE_RECORD | 2 | ERROR
2026-01-04T12:08:18.869299 | Vedhasree | VALIDATION | labs | ORPHAN_VISIT_ID | 3 | ERROR
2026-01-04T12:15:01.544995 | Vedhasree | DETECT | Visit Data  | CSV_FORMAT_IN_EXCEL
2026-01-04T12:15:01.554828 | Vedhasree | DETECT | Lab Results | CSV_FORMAT_IN_EXCEL
2026-01-04T12:15:01.565283 | Vedhasree | DETECT | Icd_reference | CSV_FORMAT_IN_EXCEL
2026-01-04T12:15:01.566989 | Vedhasree | INGEST | ALL | Data loaded successfully
2026-01-04T12:15:01.576291 | Vedhasree | VALIDATION | patients | NULL_VIOLATION | 2 | ERROR
2026-01-04T12:15:01.580446 | Vedhasree | VALIDATION | patients | DUPLICATE_RECORD | 0 | ERROR
2026-01-04T12:15:01.582278 | Vedhasree | VALIDATION | patients | DOB_IN_FUTURE | 0 | ERROR
2026-01-04T12:15:01.584776 | Vedhasree | VALIDATION | visits | NULL_VIOLATION | 6 | ERROR
2026-01-04T12:15:01.587914 | Vedhasree | VALIDATION | visits | DUPLICATE_RECORD | 0 | ERROR
2026-01-04T12:15:01.592669 | Vedhasree | VALIDATION | visits | VISIT_BEFORE_DOB | 0 | ERROR
2026-01-04T12:15:01.595343 | Vedhasree | VALIDATION | labs | NULL_VIOLATION | 1 | ERROR
2026-01-04T12:15:01.600350 | Vedhasree | VALIDATION | labs | DUPLICATE_RECORD | 2 | ERROR
2026-01-04T12:15:01.603193 | Vedhasree | VALIDATION | labs | ORPHAN_VISIT_ID | 3 | ERROR
2026-01-04T12:15:01.610628 | Vedhasree | VALIDATION | visits | INVALID_ICD_CODE | 3 | WARN
2026-01-04T12:18:06.515241 | Vedhasree | DETECT | Visit Data  | CSV_FORMAT_IN_EXCEL
2026-01-04T12:18:06.531809 | Vedhasree | DETECT | Lab Results | CSV_FORMAT_IN_EXCEL
2026-01-04T12:18:06.545613 | Vedhasree | DETECT | Icd_reference | CSV_FORMAT_IN_EXCEL
2026-01-04T12:18:06.547630 | Vedhasree | INGEST | ALL | Data loaded successfully
2026-01-04T12:18:06.555705 | Vedhasree | VALIDATION | patients | NULL_VIOLATION | 2 | ERROR
2026-01-04T12:18:06.559802 | Vedhasree | VALIDATION | patients | DUPLICATE_RECORD | 0 | ERROR
2026-01-04T12:18:06.562547 | Vedhasree | VALIDATION | patients | DOB_IN_FUTURE | 0 | ERROR
2026-01-04T12:18:06.565258 | Vedhasree | VALIDATION | visits | NULL_VIOLATION | 6 | ERROR
2026-01-04T12:18:06.568607 | Vedhasree | VALIDATION | visits | DUPLICATE_RECORD | 0 | ERROR
2026-01-04T12:18:06.576362 | Vedhasree | VALIDATION | visits | VISIT_BEFORE_DOB | 0 | ERROR
2026-01-04T12:18:06.583175 | Vedhasree | VALIDATION | labs | NULL_VIOLATION | 1 | ERROR
2026-01-04T12:18:06.585992 | Vedhasree | VALIDATION | labs | DUPLICATE_RECORD | 2 | ERROR
2026-01-04T12:18:06.589789 | Vedhasree | VALIDATION | labs | ORPHAN_VISIT_ID | 3 | ERROR
2026-01-04T12:18:06.596100 | Vedhasree | VALIDATION | visits | INVALID_ICD_CODE | 3 | WARN
2026-01-04T12:22:56.035663 | Vedhasree | DETECT | Visit Data  | CSV_FORMAT_IN_EXCEL
2026-01-04T12:22:56.049438 | Vedhasree | DETECT | Lab Results | CSV_FORMAT_IN_EXCEL
2026-01-04T12:22:56.062145 | Vedhasree | DETECT | Icd_reference | CSV_FORMAT_IN_EXCEL
2026-01-04T12:22:56.064234 | Vedhasree | INGEST | ALL | Data loaded successfully
2026-01-04T12:22:56.073090 | Vedhasree | VALIDATION | patients | NULL_VIOLATION | 2 | ERROR
2026-01-04T12:22:56.076354 | Vedhasree | VALIDATION | patients | DUPLICATE_RECORD | 0 | ERROR
2026-01-04T12:22:56.078300 | Vedhasree | VALIDATION | patients | DOB_IN_FUTURE | 0 | ERROR
2026-01-04T12:22:56.081165 | Vedhasree | VALIDATION | visits | NULL_VIOLATION | 6 | ERROR
2026-01-04T12:22:56.083957 | Vedhasree | VALIDATION | visits | DUPLICATE_RECORD | 0 | ERROR
2026-01-04T12:22:56.090995 | Vedhasree | VALIDATION | visits | VISIT_BEFORE_DOB | 0 | ERROR
2026-01-04T12:22:56.094361 | Vedhasree | VALIDATION | labs | NULL_VIOLATION | 1 | ERROR
2026-01-04T12:22:56.099201 | Vedhasree | VALIDATION | labs | DUPLICATE_RECORD | 2 | ERROR
2026-01-04T12:22:56.102639 | Vedhasree | VALIDATION | labs | ORPHAN_VISIT_ID | 3 | ERROR
2026-01-04T12:22:56.108679 | Vedhasree | VALIDATION | visits | INVALID_ICD_CODE | 3 | WARN
2026-01-04T12:22:56.444802 | Vedhasree | EXPORT | EMR_OUTPUT | outputs/gohealth_emr_output.xlsx
2026-01-04T12:22:56.685715 | Vedhasree | EXPORT | QUARANTINE_OUTPUT | gohealth_emr_quarantine.xlsx
2026-01-04T12:35:39.283989 | Vedhasree | DETECT | Visit Data  | CSV_FORMAT_IN_EXCEL
2026-01-04T12:35:39.298272 | Vedhasree | DETECT | Lab Results | CSV_FORMAT_IN_EXCEL
2026-01-04T12:35:39.313107 | Vedhasree | DETECT | Icd_reference | CSV_FORMAT_IN_EXCEL
2026-01-04T12:35:39.316231 | Vedhasree | INGEST | ALL | Data loaded successfully
2026-01-04T12:35:39.326732 | Vedhasree | VALIDATION | patients | NULL_VIOLATION | 2 | ERROR
2026-01-04T12:35:39.330876 | Vedhasree | VALIDATION | patients | DUPLICATE_RECORD | 0 | ERROR
2026-01-04T12:35:39.332461 | Vedhasree | VALIDATION | patients | DOB_IN_FUTURE | 0 | ERROR
2026-01-04T12:35:39.334251 | Vedhasree | VALIDATION | visits | NULL_VIOLATION | 6 | ERROR
2026-01-04T12:35:39.338903 | Vedhasree | VALIDATION | visits | DUPLICATE_RECORD | 0 | ERROR
2026-01-04T12:35:39.346311 | Vedhasree | VALIDATION | visits | VISIT_BEFORE_DOB | 0 | ERROR
2026-01-04T12:35:39.350510 | Vedhasree | VALIDATION | labs | NULL_VIOLATION | 1 | ERROR
2026-01-04T12:35:39.354188 | Vedhasree | VALIDATION | labs | DUPLICATE_RECORD | 2 | ERROR
2026-01-04T12:35:39.356905 | Vedhasree | VALIDATION | labs | ORPHAN_VISIT_ID | 3 | ERROR
2026-01-04T12:35:39.362609 | Vedhasree | VALIDATION | visits | INVALID_ICD_CODE | 3 | WARN
2026-01-04T12:35:39.458220 | Vedhasree | EXPORT | EMR_OUTPUT | outputs/gohealth_emr_output.xlsx
2026-01-04T12:35:39.556895 | Vedhasree | EXPORT | QUARANTINE_OUTPUT | gohealth_emr_quarantine.xlsx
2026-01-05T00:13:10.873963 | Vedhasree | DETECT | Visit Data  | CSV_FORMAT_IN_EXCEL
2026-01-05T00:13:10.884718 | Vedhasree | DETECT | Lab Results | CSV_FORMAT_IN_EXCEL
2026-01-05T00:13:10.894388 | Vedhasree | DETECT | Icd_reference | CSV_FORMAT_IN_EXCEL
2026-01-05T00:13:10.895866 | Vedhasree | INGEST | ALL | Data loaded successfully
2026-01-05T00:13:10.911604 | Vedhasree | VALIDATION | patients | NULL_VIOLATION | 2 | ERROR
2026-01-05T00:13:10.916777 | Vedhasree | VALIDATION | patients | DUPLICATE_RECORD | 0 | ERROR
2026-01-05T00:13:10.918493 | Vedhasree | VALIDATION | patients | DOB_IN_FUTURE | 0 | ERROR
2026-01-05T00:13:10.920289 | Vedhasree | VALIDATION | visits | NULL_VIOLATION | 6 | ERROR
2026-01-05T00:13:10.922312 | Vedhasree | VALIDATION | visits | DUPLICATE_RECORD | 0 | ERROR
2026-01-05T00:13:10.929137 | Vedhasree | VALIDATION | visits | VISIT_BEFORE_DOB | 0 | ERROR
2026-01-05T00:13:10.932646 | Vedhasree | VALIDATION | labs | NULL_VIOLATION | 1 | ERROR
2026-01-05T00:13:10.936929 | Vedhasree | VALIDATION | labs | DUPLICATE_RECORD | 2 | ERROR
2026-01-05T00:13:10.939553 | Vedhasree | VALIDATION | labs | ORPHAN_VISIT_ID | 3 | ERROR
2026-01-05T00:13:10.943833 | Vedhasree | VALIDATION | visits | INVALID_ICD_CODE | 3 | WARN
2026-01-05T00:13:11.075872 | Vedhasree | EXPORT | EMR_OUTPUT | outputs/gohealth_emr_output.xlsx
2026-01-05T00:13:11.177678 | Vedhasree | EXPORT | QUARANTINE_OUTPUT | gohealth_emr_quarantine.xlsx
